Running Cantera Version: 2.5.1
****************************starting new volume fraction: 0.07230222222222221**************************
{'CH4(3)': 0.5, 'O2(4)': 1, 'N2': 3.76, '2-BTP(1)': 0.07230222222222221}
O2/CH4 ratio = 2.0. Complete combustion takes 2

************ Solving on 8 point grid with energy equation enabled ************

..............................................................................
Attempt Newton solution of steady-state problem...    failure. 
Take 10 timesteps     8.543e-05      4.082
Attempt Newton solution of steady-state problem...    failure. 
Take 10 timesteps      0.002189      3.536
Attempt Newton solution of steady-state problem...    failure. 
Take 10 timesteps       0.02494      2.759
Attempt Newton solution of steady-state problem...    failure. 
Take 10 timesteps       0.03156      2.659
Attempt Newton solution of steady-state problem...    failure. 
Take 10 timesteps       0.08988      2.357
Attempt Newton solution of steady-state problem...    failure. 
Take 10 timesteps        0.6826       2.75
Attempt Newton solution of steady-state problem...    success.

Problem solved on [9] point grid(s).
Expanding domain to accommodate flame thickness. New width: 0.16 m
##############################################################################
Refining grid in flame.
    New points inserted after grid points 0 1 2 3 4 5 6 
    to resolve 2-BTP(1) BR(91) BROH(8) C#CC(8822) C2H2(24) C2H3F2(66) C2H4(31) C2H5(33) C2H6(32) C3H3(6704) CBr(425) CF2(44) CF2BR(96) CF2O(50) CF3(46) CF3CCH(85) CF3O2(820) CH(7) CH2(S)(26) CH2(T)(19) CH2Br(969) CH2CF2(58) CH2CO(29) CH2F2(42) CH2O(21) CH2OH(34) CH3(20) CH3CHO(37) CH3F(40) CH3O2(428) CH3OH(27) CH4(3) CHF2(83) CHF3(43) CO(16) CO2(17) F(38) FCBr(2959) H(9) H2(11) H2O(5) H2O2(15) HBR(93) HCCO(22) HCO(18) HF(39) HO2(14) N2 O(10) O2(157) O2(4) OH(2) S(11233) S(11379) S(11554) S(11593) S(11595) S(125) S(127) S(1324) S(13373) S(1362) S(140) S(14122) S(14123) S(14349) S(144) S(14566) S(15165) S(15170) S(1528) S(1538) S(15615) S(15712) S(15826) S(15903) S(161) S(172) S(17559) S(1783) S(18378) S(1867) S(1881) S(1890) S(20107) S(2074) S(2432) S(2457) S(257) S(273) S(2962) S(3687) S(3990) S(3991) S(4154) S(427) S(5257) S(6448) S(6456) S(6705) S(7159) S(7174) S(774) S(961) T velocity 
##############################################################################

*********** Solving on 16 point grid with energy equation enabled ************

..............................................................................
Attempt Newton solution of steady-state problem...    failure. 
Take 10 timesteps     8.543e-05      5.493
Attempt Newton solution of steady-state problem...    failure. 
Take 10 timesteps     8.109e-05       5.24
Attempt Newton solution of steady-state problem...    failure. 
Take 10 timesteps      0.002078      3.915
Attempt Newton solution of steady-state problem...    failure. 
Take 10 timesteps      0.001315      4.358
Attempt Newton solution of steady-state problem...    failure. 
Take 10 timesteps     4.389e-05       5.92
Attempt Newton solution of steady-state problem...    failure. 
Take 10 timesteps      0.000125      5.095
Attempt Newton solution of steady-state problem...    failure. 
Take 10 timesteps      0.002135       4.14
Attempt Newton solution of steady-state problem...    failure. 
Take 10 timesteps      0.007207      3.693
Attempt Newton solution of steady-state problem...    failure. 
Take 10 timesteps     9.019e-05      5.765
Attempt Newton solution of steady-state problem...    failure. 
Take 10 timesteps     0.0001284      5.144
Attempt Newton solution of steady-state problem...    failure. 
Take 10 timesteps      0.003291        3.4
Attempt Newton solution of steady-state problem...    failure. 
Take 10 timesteps       0.05623      2.416
Attempt Newton solution of steady-state problem...    success.

Problem solved on [16] point grid(s).

..............................................................................
grid refinement disabled.

******************** Solving with grid refinement enabled ********************

..............................................................................
Attempt Newton solution of steady-state problem...    success.

Problem solved on [16] point grid(s).

..............................................................................
##############################################################################
Refining grid in flame.
    New points inserted after grid points 3 4 5 6 7 8 
    to resolve 2-BTP(1) BR(91) BROH(8) C#CC(8822) C(6) C2H(23) C2H2(24) C2H3F2(66) C2H4(31) C2H6(32) C3H3(6704) CBr(425) CF2(44) CF2BR(96) CF2O(50) CF3(46) CF3CCH(85) CF3O(49) CF3O2(820) CH(7) CH2(S)(26) CH2(T)(19) CH2Br(969) CH2CF2(58) CH2CO(29) CH2F2(42) CH2O(21) CH2OH(34) CH3(20) CH3CHO(37) CH3F(40) CH3O2(428) CH3OH(27) CH4(3) CHF2(83) CHF3(43) CO(16) CO2(17) F(38) FCBr(2959) H(9) H2(11) H2O(5) H2O2(15) HBR(93) HCCO(22) HCO(18) HF(39) HO2(14) N2 O(10) O2(157) O2(4) OH(2) S(11233) S(11379) S(11554) S(11593) S(125) S(127) S(1324) S(1329) S(13373) S(1362) S(140) S(14123) S(144) S(1508) S(1528) S(1538) S(15712) S(15826) S(161) S(162) S(172) S(1731) S(17559) S(1783) S(1815) S(18378) S(1867) S(1890) S(20107) S(2074) S(2432) S(2457) S(257) S(273) S(2962) S(3216) S(3687) S(3990) S(3991) S(4154) S(427) S(5257) S(6456) S(6705) S(7159) S(7174) S(774) S(814) S(961) S(965) T velocity 
##############################################################################

..............................................................................
Attempt Newton solution of steady-state problem...    failure. 
Take 10 timesteps     0.0001709      4.516
Attempt Newton solution of steady-state problem...    failure. 
Take 10 timesteps      0.004379      3.336
Attempt Newton solution of steady-state problem...    failure. 
Take 10 timesteps       0.07482      3.903
Attempt Newton solution of steady-state problem...    failure. 
Take 10 timesteps        0.6392      3.341
Attempt Newton solution of steady-state problem...    success.

Problem solved on [22] point grid(s).

..............................................................................
##############################################################################
Refining grid in flame.
    New points inserted after grid points 5 6 7 8 9 10 11 12 
    to resolve 2-BTP(1) BR(91) BROH(8) C#CC(8822) C(6) C2H(23) C2H2(24) C2H3(30) C2H3F2(66) C2H4(31) C2H5(33) C2H6(32) C3H3(6704) CBr(425) CF2(44) CF2BR(96) CF2O(50) CF3(46) CF3CCH(85) CF3O2(820) CH(7) CH2(S)(26) CH2(T)(19) CH2Br(969) CH2CF2(58) CH2CHO(36) CH2CO(29) CH2F2(42) CH2O(21) CH2OH(34) CH3(20) CH3CHO(37) CH3F(40) CH3O2(428) CH3OH(27) CH4(3) CHF2(83) CHF3(43) CO(16) CO2(17) F(38) FCBr(2959) H(9) H2(11) H2CC(25) H2O(5) H2O2(15) HBR(93) HCCO(22) HCO(18) HF(39) HO2(14) N2 O(10) O2(157) O2(4) OH(2) S(11233) S(11379) S(11554) S(11593) S(11595) S(125) S(127) S(1324) S(1329) S(13373) S(1362) S(140) S(14122) S(14123) S(144) S(14566) S(15170) S(1528) S(1538) S(15615) S(15712) S(15826) S(161) S(172) S(1783) S(1815) S(18378) S(1867) S(1881) S(1890) S(20107) S(2074) S(2432) S(2457) S(257) S(273) S(2962) S(3216) S(3687) S(3990) S(3991) S(4154) S(427) S(5257) S(6448) S(6456) S(6705) S(7159) S(7174) S(774) S(961) S(965) T velocity 
##############################################################################

..............................................................................
Attempt Newton solution of steady-state problem...    failure. 
Take 10 timesteps     8.543e-05      5.559
Attempt Newton solution of steady-state problem...    failure. 
Take 10 timesteps     9.123e-05      5.654
Attempt Newton solution of steady-state problem...    failure. 
Take 10 timesteps     0.0002598      4.986
Attempt Newton solution of steady-state problem...    failure. 
Take 10 timesteps      0.002959      3.469
Attempt Newton solution of steady-state problem...    success.

Problem solved on [30] point grid(s).

..............................................................................
##############################################################################
Refining grid in flame.
    New points inserted after grid points 9 10 11 12 13 14 15 16 
    to resolve 2-BTP(1) BR(91) BROH(8) C#CC(8822) C(6) C2H(23) C2H2(24) C2H3(30) C2H3F2(66) C2H4(31) C2H5(33) C2H6(32) C3H3(6704) CBr(425) CF2(44) CF2BR(96) CF2O(50) CF3(46) CF3CCH(85) CF3O(49) CF3O2(820) CH(7) CH2(S)(26) CH2(T)(19) CH2Br(969) CH2CF2(58) CH2CHO(36) CH2CO(29) CH2F2(42) CH2O(21) CH2OH(34) CH3(20) CH3CHO(37) CH3F(40) CH3O(28) CH3O2(428) CH3OH(27) CH4(3) CHF2(83) CHF3(43) CO(16) CO2(17) F(38) FCBr(2959) H(9) H2(11) H2CC(25) H2O(5) H2O2(15) HBR(93) HCCO(22) HCO(18) HF(39) HO2(14) N2 O(10) O2(157) O2(4) OH(2) S(11233) S(11379) S(11554) S(11593) S(11595) S(125) S(127) S(1324) S(1329) S(13373) S(1362) S(140) S(14122) S(14123) S(144) S(14566) S(15165) S(15170) S(1528) S(1538) S(15712) S(15826) S(161) S(172) S(17559) S(1783) S(1815) S(1867) S(1881) S(1890) S(20107) S(2074) S(2432) S(2457) S(257) S(273) S(2962) S(2970) S(3216) S(3687) S(3990) S(3991) S(4154) S(427) S(5257) S(6448) S(6456) S(6705) S(7159) S(7174) S(774) S(7931) S(814) S(961) T velocity 
##############################################################################

..............................................................................
Attempt Newton solution of steady-state problem...    failure. 
Take 10 timesteps     7.594e-05      5.545
Attempt Newton solution of steady-state problem...    failure. 
Take 10 timesteps      0.001297      4.014
Attempt Newton solution of steady-state problem...    failure. 
Take 10 timesteps      4.33e-05      5.935
Attempt Newton solution of steady-state problem...    failure. 
Take 10 timesteps     0.0003288      4.213
Attempt Newton solution of steady-state problem...    failure. 
Take 10 timesteps      0.008427      2.754
Attempt Newton solution of steady-state problem...    success.

Problem solved on [38] point grid(s).

..............................................................................
##############################################################################
Refining grid in flame.
    New points inserted after grid points 12 13 14 15 16 17 18 19 20 
    to resolve 2-BTP(1) BR(91) BROH(8) C#CC(8822) C(6) C2H(23) C2H2(24) C2H3(30) C2H3F2(66) C2H4(31) C2H5(33) C2H6(32) C3H3(6704) CBr(425) CF2(44) CF2BR(96) CF2O(50) CF3(46) CF3CCH(85) CF3O(49) CF3O2(820) CH(7) CH2(S)(26) CH2(T)(19) CH2Br(969) CH2CF2(58) CH2CHO(36) CH2CO(29) CH2F2(42) CH2O(21) CH2OH(34) CH3(20) CH3CHO(37) CH3F(40) CH3O(28) CH3O2(428) CH3OH(27) CH4(3) CHF2(83) CHF3(43) CHO2(230) CO(16) CO2(17) F(38) FCBr(2959) H(9) H2(11) H2CC(25) H2O(5) H2O2(15) HBR(93) HCCO(22) HCO(18) HF(39) HO2(14) N2 O(10) O2(157) O2(4) OH(2) S(11233) S(11379) S(11554) S(11593) S(125) S(127) S(129) S(1324) S(1329) S(13373) S(1362) S(140) S(14122) S(14123) S(144) S(14566) S(1508) S(15165) S(15170) S(1528) S(1538) S(15712) S(15826) S(161) S(162) S(1731) S(17512) S(17559) S(1783) S(1815) S(18378) S(1867) S(1881) S(1890) S(20107) S(2074) S(2432) S(2457) S(257) S(273) S(2962) S(2970) S(3216) S(3687) S(3990) S(3991) S(4154) S(427) S(5257) S(559) S(6448) S(6456) S(6705) S(7159) S(7174) S(7931) S(8019) S(814) S(8869) S(961) T velocity 
##############################################################################

..............................................................................
Attempt Newton solution of steady-state problem...    failure. 
Take 10 timesteps     0.0001709      5.257
Attempt Newton solution of steady-state problem...    failure. 
Take 10 timesteps      0.002919      3.747
Attempt Newton solution of steady-state problem...    success.

Problem solved on [47] point grid(s).

..............................................................................
##############################################################################
Refining grid in flame.
    New points inserted after grid points 16 17 18 19 20 21 22 23 24 25 26 27 
    to resolve 2-BTP(1) BR(91) BROH(8) C#CC(8822) C(6) C2H(23) C2H2(24) C2H3(30) C2H3F2(66) C2H4(31) C2H5(33) C2H6(32) C3H3(6704) CBr(425) CF2(44) CF2BR(96) CF2O(50) CF3(46) CF3CCH(85) CF3O(49) CF3O2(820) CH(7) CH2(S)(26) CH2(T)(19) CH2Br(969) CH2CF2(58) CH2CHO(36) CH2CO(29) CH2F2(42) CH2O(21) CH2OH(34) CH3(20) CH3CHO(37) CH3F(40) CH3O(28) CH3O2(428) CH3OH(27) CH4(3) CHF2(83) CHF3(43) CHO2(230) CO(16) CO2(17) F(38) FCBr(2959) H(9) H2(11) H2CC(25) H2O(5) H2O2(15) HBR(93) HCCO(22) HCO(18) HF(39) HO2(14) N2 O(10) O2(157) O2(4) OH(2) S(11233) S(11379) S(11536) S(11554) S(11593) S(125) S(127) S(130) S(1324) S(1329) S(13373) S(1362) S(140) S(14122) S(14123) S(14349) S(144) S(14566) S(1508) S(15165) S(15170) S(1528) S(1538) S(15615) S(15712) S(15826) S(15903) S(161) S(162) S(164) S(172) S(1731) S(17512) S(17559) S(1783) S(1815) S(18378) S(1867) S(1881) S(1890) S(18987) S(20107) S(2074) S(2432) S(2457) S(257) S(273) S(2962) S(3216) S(3687) S(3990) S(3991) S(4154) S(427) S(5257) S(641) S(6448) S(6456) S(6705) S(6716) S(7159) S(7174) S(7931) S(8019) S(814) S(961) S(965) T velocity 
##############################################################################

..............................................................................
Attempt Newton solution of steady-state problem...    failure. 
Take 10 timesteps     0.0002563      4.439
Attempt Newton solution of steady-state problem...    success.

Problem solved on [59] point grid(s).

..............................................................................
##############################################################################
Refining grid in flame.
    New points inserted after grid points 21 22 23 24 25 26 27 28 29 30 31 32 33 34 35 
    to resolve 2-BTP(1) BR(91) BROH(8) C#CC(8822) C(6) C2H(23) C2H2(24) C2H3(30) C2H3F2(66) C2H4(31) C2H5(33) C2H6(32) C3H3(6704) CBr(425) CF2(44) CF2BR(96) CF2O(50) CF3(46) CF3CCH(85) CF3O(49) CF3O2(820) CH(7) CH2(S)(26) CH2(T)(19) CH2Br(969) CH2CF2(58) CH2CHO(36) CH2CO(29) CH2F2(42) CH2O(21) CH2OH(34) CH3(20) CH3CHO(37) CH3F(40) CH3O2(428) CH3OH(27) CH4(3) CHF2(83) CHF3(43) CHO2(230) CO(16) CO2(17) F(38) FCBr(2959) H(9) H2(11) H2CC(25) H2O(5) H2O2(15) HBR(93) HCCO(22) HCO(18) HF(39) HO2(14) N2 O(10) O2(157) O2(4) OH(2) S(11233) S(11379) S(11554) S(11593) S(125) S(127) S(129) S(1324) S(1329) S(13373) S(1362) S(140) S(14122) S(14123) S(14349) S(144) S(14566) S(15165) S(15170) S(1528) S(1538) S(15615) S(15712) S(15826) S(15903) S(161) S(164) S(172) S(1731) S(17512) S(17559) S(1783) S(1815) S(18378) S(1867) S(1881) S(1890) S(20107) S(2074) S(2432) S(2457) S(257) S(273) S(2962) S(2970) S(3216) S(3687) S(3990) S(3991) S(4154) S(427) S(5257) S(641) S(6448) S(6456) S(6705) S(7159) S(7174) S(774) S(7931) S(8019) S(814) S(961) S(965) T velocity 
##############################################################################

..............................................................................
Attempt Newton solution of steady-state problem...    failure. 
Take 10 timesteps     0.0003844      3.764
Attempt Newton solution of steady-state problem...    success.

Problem solved on [74] point grid(s).

..............................................................................
##############################################################################
Refining grid in flame.
    New points inserted after grid points 25 26 27 29 30 31 32 33 34 35 36 37 38 39 40 41 42 43 44 45 46 47 
    to resolve 2-BTP(1) BR(91) C#CC(8822) C(6) C2H(23) C2H2(24) C2H3(30) C2H3F2(66) C2H4(31) C2H5(33) C2H6(32) C3H3(6704) CBr(425) CF2(44) CF2BR(96) CF2O(50) CF3(46) CF3CCH(85) CF3O(49) CF3O2(820) CH(7) CH2(S)(26) CH2(T)(19) CH2Br(969) CH2CF2(58) CH2CHO(36) CH2CO(29) CH2F2(42) CH2O(21) CH2OH(34) CH3(20) CH3CHO(37) CH3F(40) CH3O2(428) CH3OH(27) CH4(3) CHF2(83) CHF3(43) CHO2(230) CO(16) FCBr(2959) H(9) H2(11) H2CC(25) H2O2(15) HBR(93) HCCO(22) HCO(18) HF(39) HO2(14) N2 O(10) O2(157) OH(2) S(11233) S(11379) S(11554) S(11593) S(125) S(127) S(1324) S(1329) S(13373) S(1362) S(140) S(14122) S(14123) S(14349) S(144) S(14566) S(15165) S(15170) S(1528) S(1538) S(15615) S(15712) S(15826) S(15903) S(161) S(172) S(1731) S(17512) S(17559) S(1783) S(1815) S(18378) S(1867) S(1890) S(20107) S(2074) S(2432) S(2457) S(257) S(273) S(2962) S(2970) S(3216) S(3687) S(3990) S(3991) S(4154) S(427) S(5257) S(6448) S(6456) S(6705) S(7931) S(8019) S(814) S(961) 
##############################################################################

..............................................................................
Attempt Newton solution of steady-state problem...    success.

Problem solved on [96] point grid(s).

..............................................................................
##############################################################################
Refining grid in flame.
    New points inserted after grid points 36 37 38 39 40 41 42 43 44 45 46 47 48 49 50 51 52 53 54 55 56 57 58 59 60 61 62 63 
    to resolve C2H(23) C2H3(30) C2H3F2(66) C2H6(32) CF2BR(96) CF3(46) CF3CCH(85) CF3O2(820) CH2(S)(26) CH2(T)(19) CH2Br(969) CH2CO(29) CH2O(21) CH2OH(34) CH3(20) CH3CHO(37) CH3O2(428) CH3OH(27) H2CC(25) HCO(18) S(11233) S(11554) S(127) S(1324) S(1362) S(140) S(14122) S(14123) S(14566) S(15165) S(15170) S(15615) S(15712) S(15826) S(15903) S(17512) S(17559) S(1815) S(18378) S(1890) S(2074) S(2432) S(2457) S(257) S(273) S(2962) S(3687) S(3990) S(3991) S(427) S(5257) S(6448) S(6456) S(7931) S(8019) S(814) S(961) 
##############################################################################

..............................................................................
Attempt Newton solution of steady-state problem...    success.

Problem solved on [124] point grid(s).

..............................................................................
##############################################################################
Refining grid in flame.
    New points inserted after grid points 38 39 40 49 50 51 52 60 61 
    to resolve S(273) S(5257) S(7931) S(814) 
##############################################################################

..............................................................................
Attempt Newton solution of steady-state problem...    success.

Problem solved on [133] point grid(s).

..............................................................................
no new points needed in flame
volume fractions of BTP are:
[0.01355928812903828]
flame speeds are:
[0.15888664822187937]
